======================================
   BugBountyOS Bootstrap Installer
======================================
[+] Updating packages...

WARNING: apt does not have a stable CLI interface. Use with caution in scripts.

Hit:1 https://packages.microsoft.com/repos/microsoft-ubuntu-noble-prod noble InRelease
Hit:2 http://archive.ubuntu.com/ubuntu noble InRelease
Hit:3 http://security.ubuntu.com/ubuntu noble-security InRelease
Hit:4 http://archive.ubuntu.com/ubuntu noble-updates InRelease
Hit:5 http://archive.ubuntu.com/ubuntu noble-backports InRelease
Reading package lists...
Building dependency tree...
Reading state information...
All packages are up to date.

WARNING: apt does not have a stable CLI interface. Use with caution in scripts.

Reading package lists...
Building dependency tree...
Reading state information...
git is already the newest version (1:2.43.0-1ubuntu7.3).
curl is already the newest version (8.5.0-2ubuntu10.11).
wget is already the newest version (1.21.4-1ubuntu4.3).
unzip is already the newest version (6.0-28ubuntu4.1).
zip is already the newest version (3.0-13ubuntu0.2).
build-essential is already the newest version (12.10ubuntu1).
jq is already the newest version (1.7.1-3ubuntu0.24.04.2).
tree is already the newest version (2.1.1-2ubuntu3.24.04.2).
tmux is already the newest version (3.4-1ubuntu0.1).
parallel is already the newest version (20231122+ds-1).
ripgrep is already the newest version (14.1.0-1).
fd-find is already the newest version (9.0.0-1).
python3 is already the newest version (3.12.3-0ubuntu2.1).
python3-pip is already the newest version (24.0+dfsg-1ubuntu1.3).
python3-venv is already the newest version (3.12.3-0ubuntu2.1).
nmap is already the newest version (7.94+git20230807.3be01efb1+dfsg-3build2).
dnsutils is already the newest version (1:9.18.39-0ubuntu0.24.04.5).
whois is already the newest version (5.5.22).
vim is already the newest version (2:9.1.0016-1ubuntu7.18).
nano is already the newest version (7.2-2ubuntu0.2).
0 upgraded, 0 newly installed, 0 to remove and 0 not upgraded.
[+] Core packages installed.
[0;32m==> Installing ProjectDiscovery tools...[0m
[+] Installing github.com/projectdiscovery/subfinder/v2/cmd/subfinder@latest
[+] Installing github.com/projectdiscovery/httpx/cmd/httpx@latest
[+] Installing github.com/projectdiscovery/dnsx/cmd/dnsx@latest
[+] Installing github.com/projectdiscovery/naabu/v2/cmd/naabu@latest
[+] Installing github.com/projectdiscovery/katana/cmd/katana@latest
[+] Installing github.com/projectdiscovery/nuclei/v3/cmd/nuclei@latest

========== VERIFY ==========
[[34mINF[0m] Current Version: v2.14.0
[[34mINF[0m] Subfinder Config Directory: /home/codespace/.config/subfinder
The httpx command line client could not run because the required dependencies were not installed.
Make sure you've installed everything with: pip install 'httpx[cli]'

      _             __  __
   __| | _ __   ___ \ \/ /
  / _' || '_ \ / __| \  / 
 | (_| || | | |\__ \ /  \ 
  \__,_||_| |_||___//_/\_\

		projectdiscovery.io

[[34mINF[0m] Current Version: 1.2.3

                  __
  ___  ___  ___ _/ /  __ __
 / _ \/ _ \/ _ \/ _ \/ // /
/_//_/\_,_/\_,_/_.__/\_,_/

		projectdiscovery.io

[[34mINF[0m] Current Version: 2.6.1

   __        __                
  / /_____ _/ /____ ____  ___ _
 /  '_/ _  / __/ _  / _ \/ _  /
/_/\_\\_,_/\__/\_,_/_//_/\_,_/							 

		projectdiscovery.io

[[34mINF[0m] Current version: v1.6.1
[[34mINF[0m] Nuclei Engine Version: v3.11.0
[[34mINF[0m] Nuclei Config Directory: /home/codespace/.config/nuclei
[[34mINF[0m] Nuclei Cache Directory: /home/codespace/.cache/nuclei
[[34mINF[0m] PDCP Directory: /home/codespace/.pdcp

[0;32mProjectDiscovery installation complete.[0m
==================================
 Installing Recon Tools
==================================
[1/8] Installing Amass...
[2/8] Installing Assetfinder...
[3/8] Installing Waybackurls...
[4/8] Installing gau...
[5/8] Installing Hakrawler...
[6/8] Installing FFUF...

Recon Installation Completed.

========================================
 BugBountyOS - Web Discovery Installer
========================================

[0;32mChecking Go...[0m
go version go1.26.1 linux/amd64

Installing Katana...

Installing gau...

Installing waybackurls...

Installing hakrawler...

Installing gospider...

Installing ffuf...

Installing ParamSpider...
Requirement already satisfied: pip in /home/codespace/.python/current/lib/python3.12/site-packages (26.1.2)
Requirement already satisfied: paramspider in /home/codespace/.python/current/lib/python3.12/site-packages (0.0.1)

Installing Arjun...
Requirement already satisfied: arjun in /home/codespace/.python/current/lib/python3.12/site-packages (2.2.7)
Requirement already satisfied: requests in /home/codespace/.local/lib/python3.12/site-packages (from arjun) (2.32.5)
Requirement already satisfied: dicttoxml in /home/codespace/.python/current/lib/python3.12/site-packages (from arjun) (1.7.16)
Requirement already satisfied: ratelimit in /home/codespace/.python/current/lib/python3.12/site-packages (from arjun) (2.2.1)
Requirement already satisfied: charset_normalizer<4,>=2 in /home/codespace/.python/current/lib/python3.12/site-packages (from requests->arjun) (2.0.12)
Requirement already satisfied: idna<4,>=2.5 in /home/codespace/.local/lib/python3.12/site-packages (from requests->arjun) (3.11)
Requirement already satisfied: urllib3<3,>=1.21.1 in /home/codespace/.local/lib/python3.12/site-packages (from requests->arjun) (2.6.3)
Requirement already satisfied: certifi>=2017.4.17 in /home/codespace/.local/lib/python3.12/site-packages (from requests->arjun) (2026.2.25)

Installing dirsearch...
Requirement already satisfied: dirsearch in /home/codespace/.python/current/lib/python3.12/site-packages (0.4.3.post1)
Requirement already satisfied: Jinja2>=3.0.0 in /home/codespace/.local/lib/python3.12/site-packages (from dirsearch) (3.1.6)
Requirement already satisfied: PySocks>=1.7.1 in /home/codespace/.python/current/lib/python3.12/site-packages (from dirsearch) (1.7.1)
Requirement already satisfied: beautifulsoup4>=4.8.0 in /home/codespace/.local/lib/python3.12/site-packages (from dirsearch) (4.14.3)
Requirement already satisfied: certifi>=2017.4.17 in /home/codespace/.local/lib/python3.12/site-packages (from dirsearch) (2026.2.25)
Requirement already satisfied: cffi>=1.14.0 in /home/codespace/.local/lib/python3.12/site-packages (from dirsearch) (2.0.0)
Requirement already satisfied: chardet>=3.0.2 in /home/codespace/.python/current/lib/python3.12/site-packages (from dirsearch) (7.4.3)
Requirement already satisfied: charset-normalizer~=2.0.0 in /home/codespace/.python/current/lib/python3.12/site-packages (from dirsearch) (2.0.12)
Requirement already satisfied: colorama>=0.4.4 in /home/codespace/.local/lib/python3.12/site-packages (from dirsearch) (0.4.6)
Requirement already satisfied: cryptography>=2.8 in /home/codespace/.python/current/lib/python3.12/site-packages (from dirsearch) (49.0.0)
Requirement already satisfied: defusedxml>=0.7.0 in /home/codespace/.local/lib/python3.12/site-packages (from dirsearch) (0.7.1)
Requirement already satisfied: idna>=2.5 in /home/codespace/.local/lib/python3.12/site-packages (from dirsearch) (3.11)
Requirement already satisfied: markupsafe>=2.0.0 in /home/codespace/.local/lib/python3.12/site-packages (from dirsearch) (3.0.3)
Requirement already satisfied: ntlm-auth>=1.5.0 in /home/codespace/.python/current/lib/python3.12/site-packages (from dirsearch) (1.5.0)
Requirement already satisfied: pyopenssl>=21.0.0 in /home/codespace/.python/current/lib/python3.12/site-packages (from dirsearch) (26.3.0)
Requirement already satisfied: pyparsing>=2.4.7 in /home/codespace/.python/current/lib/python3.12/site-packages (from dirsearch) (3.3.2)
Requirement already satisfied: requests>=2.27.0 in /home/codespace/.local/lib/python3.12/site-packages (from dirsearch) (2.32.5)
Requirement already satisfied: requests-ntlm>=1.1.0 in /home/codespace/.python/current/lib/python3.12/site-packages (from dirsearch) (1.3.0)
Requirement already satisfied: urllib3>=1.21.1 in /home/codespace/.local/lib/python3.12/site-packages (from dirsearch) (2.6.3)
Requirement already satisfied: soupsieve>=1.6.1 in /home/codespace/.local/lib/python3.12/site-packages (from beautifulsoup4>=4.8.0->dirsearch) (2.8.3)
Requirement already satisfied: typing-extensions>=4.0.0 in /home/codespace/.local/lib/python3.12/site-packages (from beautifulsoup4>=4.8.0->dirsearch) (4.15.0)
Requirement already satisfied: pycparser in /home/codespace/.local/lib/python3.12/site-packages (from cffi>=1.14.0->dirsearch) (3.0)
Requirement already satisfied: pyspnego>=0.4.0 in /home/codespace/.python/current/lib/python3.12/site-packages (from requests-ntlm>=1.1.0->dirsearch) (0.12.1)

Skipping feroxbuster for now (will install in a dedicated module).

Skipping gowitness (Phase 10.2)

========== VERIFY ==========
[OK] katana
[OK] gau
[OK] waybackurls
[OK] hakrawler
[OK] gospider
[OK] ffuf
[OK] arjun

Web Discovery Installation Finished.
=======================================
 BugBountyOS JavaScript Installer
=======================================

===== Verification =====
[OK] LinkFinder
/home/codespace/.local/lib/python3.12/site-packages/requests/__init__.py:113: RequestsDependencyWarning: urllib3 (2.6.3) or chardet (7.4.3)/charset_normalizer (2.0.12) doesn't match a supported version!
  warnings.warn(
[OK] SecretFinder
[OK] xnLinkFinder
==========================================
 BugBountyOS - Vulnerability Installer
==========================================

Installing Dalfox...

Installing Subzy...

Installing Kiterunner...
go: github.com/assetnote/kiterunner/cmd/kr@latest: module github.com/assetnote/kiterunner@latest found (v1.0.2), but does not contain package github.com/assetnote/kiterunner/cmd/kr
